OUTPUT FROM IBM XLF DEBUG OMP RUNTIME.
 


On host, before mapping data to device.  Everything is set to 1.0.
 
------------------------------------------------------------------
 type1%x 1.00000000000000000
 type1%simple_arr(1) 1.00000000000000000
 type1%type2_arr(1)%x 1.00000000000000000
 type1%type2_arr(1)%simple_arr(1) 1.00000000000000000
 type1%type2_arr(2)%x 1.00000000000000000
 type1%type2_arr(2)%simple_arr(1) 1.00000000000000000

<-1 @  0>
<-1 @  0>Map list after After initializing globals for device 0
<-1 @  0>  0: host 0x12d95660 - 0x12d95697, dev 0x200053220200 - 0x200053220238, size 56, ref/use counts 4294967295/4294967295, event to/from 0x0/0x0
<-1 @  0>  1: host 0x12d956a0 - 0x12d956d7, dev 0x200053220600 - 0x200053220638, size 56, ref/use counts 4294967295/4294967295, event to/from 0x0/0x0
<-1 @  0>  2: host 0x12d956d8 - 0x12d956dd, dev 0x200053220400 - 0x200053220406, size 6, ref/use counts 4294967295/4294967295, event to/from 0x0/0x0
<-1 @  0>  3: host 0x12d956e0 - 0x12d95727, dev 0x200053220500 - 0x200053220548, size 72, ref/use counts 4294967295/4294967295, event to/from 0x0/0x0
<-1 @  0>  4: host 0x12d95728 - 0x12d9572d, dev 0x200053220000 - 0x200053220006, size 6, ref/use counts 4294967295/4294967295, event to/from 0x0/0x0
<-1 @  0>  5: host 0x12d95730 - 0x12d95777, dev 0x200053220100 - 0x200053220148, size 72, ref/use counts 4294967295/4294967295, event to/from 0x0/0x0
<-1 @  0>  6: host 0x12d95ce0 - 0x12d95d17, dev 0x200053200e00 - 0x200053200e38, size 56, ref/use counts 4294967295/4294967295, event to/from 0x0/0x0
<-1 @  0>  7: host 0x12d95d20 - 0x12d95d57, dev 0x200053200f00 - 0x200053200f38, size 56, ref/use counts 4294967295/4294967295, event to/from 0x0/0x0
<-1 @  0>  8: host 0x12d95d60 - 0x12d95d97, dev 0x200053201000 - 0x200053201038, size 56, ref/use counts 4294967295/4294967295, event to/from 0x0/0x0
<-1 @  0>  9: host 0x12d95da0 - 0x12d95dd7, dev 0x200053201100 - 0x200053201138, size 56, ref/use counts 4294967295/4294967295, event to/from 0x0/0x0
<-1 @  0>  10: host 0x12d95de0 - 0x12d95e17, dev 0x200053201200 - 0x200053201238, size 56, ref/use counts 4294967295/4294967295, event to/from 0x0/0x0
<-1 @  0>  11: host 0x12d95e20 - 0x12d95e57, dev 0x200053201300 - 0x200053201338, size 56, ref/use counts 4294967295/4294967295, event to/from 0x0/0x0
<-1 @  0>  12: host 0x12d95e60 - 0x12d95e97, dev 0x200053201400 - 0x200053201438, size 56, ref/use counts 4294967295/4294967295, event to/from 0x0/0x0
<-1 @  0>  13: host 0x12d95ea0 - 0x12d95ed7, dev 0x200053201500 - 0x200053201538, size 56, ref/use counts 4294967295/4294967295, event to/from 0x0/0x0
<-1 @  0>  14: host 0x12d95ee0 - 0x12d95f17, dev 0x200053201600 - 0x200053201638, size 56, ref/use counts 4294967295/4294967295, event to/from 0x0/0x0
<-1 @  0>  15: host 0x12d95f20 - 0x12d95f57, dev 0x200053201700 - 0x200053201738, size 56, ref/use counts 4294967295/4294967295, event to/from 0x0/0x0
<-1 @  0>  16: host 0x12d95f60 - 0x12d95f97, dev 0x200053201800 - 0x200053201838, size 56, ref/use counts 4294967295/4294967295, event to/from 0x0/0x0
<-1 @  0>  17: host 0x12d95fa0 - 0x12d95fd7, dev 0x200053201900 - 0x200053201938, size 56, ref/use counts 4294967295/4294967295, event to/from 0x0/0x0
<-1 @  0>  18: host 0x12d95fe0 - 0x12d96017, dev 0x200053201a00 - 0x200053201a38, size 56, ref/use counts 4294967295/4294967295, event to/from 0x0/0x0
<-1 @  0>  19: host 0x12d96020 - 0x12d96057, dev 0x200053201b00 - 0x200053201b38, size 56, ref/use counts 4294967295/4294967295, event to/from 0x0/0x0
<-1 @  0>  20: host 0x12d96060 - 0x12d96097, dev 0x200053201c00 - 0x200053201c38, size 56, ref/use counts 4294967295/4294967295, event to/from 0x0/0x0
<-1 @  0>  21: host 0x12d960a0 - 0x12d960d7, dev 0x200053201d00 - 0x200053201d38, size 56, ref/use counts 4294967295/4294967295, event to/from 0x0/0x0
<-1 @  0>  22: host 0x12d960e0 - 0x12d96117, dev 0x200053201e00 - 0x200053201e38, size 56, ref/use counts 4294967295/4294967295, event to/from 0x0/0x0
<-1 @  0>  23: host 0x12d96120 - 0x12d96157, dev 0x200053201f00 - 0x200053201f38, size 56, ref/use counts 4294967295/4294967295, event to/from 0x0/0x0
<-1 @  0>

-- NOTES - I FILTERED OUT THE MAPS ABOVE FROM FURTHER OUTPUT TO MAKE IT MORE READABLE
-- THE HOST ADDRESSES BELOW HAVE BEEN REPLACED BY THE VARIABLE NAMES IN THIS FILE FOR READABILITY ( SEARCHED AND REPLACED EACH ADDRESS )

 --- BEFORE MAP(TO:TYPE1_PTR) ---
<-1 @  0>Map list after Enter for device 0
<-1 @  0>  0: TYPE1_PTR - 0x12d9554b, dev 0x2000a0000000 - 0x2000a000000c, size 12, ref/use counts 1/1, event to/from 0x0/0x0
<-1 @  0>  25: TYPE1_PTR - 0x12e1b8f7, dev 0x2000a0000080 - 0x2000a00000f8, size 120, ref/use counts 1/1, event to/from 0x0/0x0
 --- AFTER MAP(TO:TYPE1_PTR) ---

 --- BEFORE MAP(TO:TYPE1_PTR%SIMPLE_ARR) ---
<-1 @  0>Map list after Enter for device 0
<-1 @  0>  0: TYPE1_PTR - 0x12d9554b, dev 0x2000a0000000 - 0x2000a000000c, size 12, ref/use counts 2/2, event to/from 0x0/0x0
<-1 @  0>  25: TYPE1_PTR - 0x12e1b8f7, dev 0x2000a0000080 - 0x2000a00000f8, size 120, ref/use counts 2/2, event to/from 0x0/0x0
<-1 @  0>  26: TYPE1_PTR%SIMPLE_ARR - 0x12e1b94f, dev 0x2000a0000100 - 0x2000a0000150, size 80, ref/use counts 1/1, event to/from 0x0/0x0
 --- AFTER MAP(TO:TYPE1_PTR%SIMPLE_ARR) ---

 --- BEFORE MAP(TO:TYPE1_PTR%TYPE2_ARR) ---
<-1 @  0>Map list after Enter for device 0
<-1 @  0>  0: TYPE1_PTR - 0x12d9554b, dev 0x2000a0000000 - 0x2000a000000c, size 12, ref/use counts 3/3, event to/from 0x0/0x0
<-1 @  0>  25: TYPE1_PTR - 0x12e1b8f7, dev 0x2000a0000080 - 0x2000a00000f8, size 120, ref/use counts 3/3, event to/from 0x0/0x0
<-1 @  0>  26: TYPE1_PTR%SIMPLE_ARR - 0x12e1b94f, dev 0x2000a0000100 - 0x2000a0000150, size 80, ref/use counts 1/1, event to/from 0x0/0x0
<-1 @  0>  27: TYPE1_PTR%TYPE2_ARR - 0x12e1b9df, dev 0x2000a0000180 - 0x2000a0000200, size 128, ref/use counts 1/1, event to/from 0x0/0x0
 --- AFTER MAP(TO:TYPE1_PTR%TYPE2_ARR) ---

 --- BEFORE MAP(TO:TYPE1_PTR%TYPE2_ARR( 1 ) ---
<-1 @  0>Map list after Enter for device 0
<-1 @  0>  0: TYPE1_PTR - 0x12d9554b, dev 0x2000a0000000 - 0x2000a000000c, size 12, ref/use counts 4/4, event to/from 0x0/0x0
<-1 @  0>  25: TYPE1_PTR - 0x12e1b8f7, dev 0x2000a0000080 - 0x2000a00000f8, size 120, ref/use counts 4/4, event to/from 0x0/0x0
<-1 @  0>  26: TYPE1_PTR%SIMPLE_ARR - 0x12e1b94f, dev 0x2000a0000100 - 0x2000a0000150, size 80, ref/use counts 1/1, event to/from 0x0/0x0
<-1 @  0>  27: TYPE1_PTR%TYPE2_ARR - 0x12e1b9df, dev 0x2000a0000180 - 0x2000a0000200, size 128, ref/use counts 2/2, event to/from 0x0/0x0
 --- AFTER MAP(TO:TYPE1_PTR%TYPE2_ARR( 1 ) ---

 --- BEFORE MAP(TO:TYPE1_PTR%TYPE2_ARR( 1 )%SIMPLE_ARR ---
<-1 @  0>Map list after Enter for device 0
<-1 @  0>  0: TYPE1_PTR - 0x12d9554b, dev 0x2000a0000000 - 0x2000a000000c, size 12, ref/use counts 5/5, event to/from 0x0/0x0
<-1 @  0>  25: TYPE1_PTR - 0x12e1b8f7, dev 0x2000a0000080 - 0x2000a00000f8, size 120, ref/use counts 5/5, event to/from 0x0/0x0
<-1 @  0>  26: TYPE1_PTR%SIMPLE_ARR - 0x12e1b94f, dev 0x2000a0000100 - 0x2000a0000150, size 80, ref/use counts 1/1, event to/from 0x0/0x0
<-1 @  0>  27: TYPE1_PTR%TYPE2_ARR - 0x12e1b9df, dev 0x2000a0000180 - 0x2000a0000200, size 128, ref/use counts 3/3, event to/from 0x0/0x0
<-1 @  0>  28: TYPE1_PTR%TYPE2_ARR(1)%SIMPLE_ARR - 0x12e1ba3f, dev 0x2000a0000200 - 0x2000a0000250, size 80, ref/use counts 1/1, event to/from 0x0/0x0
 --- AFTER MAP(TO:TYPE1_PTR%TYPE2_ARR( 1 )%SIMPLE_ARR ---

 --- BEFORE MAP(TO:TYPE1_PTR%TYPE2_ARR( 2 ) ---
<-1 @  0>Map list after Enter for device 0
<-1 @  0>  0: TYPE1_PTR - 0x12d9554b, dev 0x2000a0000000 - 0x2000a000000c, size 12, ref/use counts 6/6, event to/from 0x0/0x0
<-1 @  0>  25: TYPE1_PTR - 0x12e1b8f7, dev 0x2000a0000080 - 0x2000a00000f8, size 120, ref/use counts 6/6, event to/from 0x0/0x0
<-1 @  0>  26: TYPE1_PTR%SIMPLE_ARR - 0x12e1b94f, dev 0x2000a0000100 - 0x2000a0000150, size 80, ref/use counts 1/1, event to/from 0x0/0x0
<-1 @  0>  27: TYPE1_PTR%TYPE2_ARR - 0x12e1b9df, dev 0x2000a0000180 - 0x2000a0000200, size 128, ref/use counts 4/4, event to/from 0x0/0x0
<-1 @  0>  28: TYPE1_PTR%TYPE2_ARR(1)%SIMPLE_ARR - 0x12e1ba3f, dev 0x2000a0000200 - 0x2000a0000250, size 80, ref/use counts 1/1, event to/from 0x0/0x0
 --- AFTER MAP(TO:TYPE1_PTR%TYPE2_ARR( 2 ) ---

 --- BEFORE MAP(TO:TYPE1_PTR%TYPE2_ARR( 2 )%SIMPLE_ARR ---
<-1 @  0>
<-1 @  0>Map list after Enter for device 0
<-1 @  0>  0: TYPE1_PTR - 0x12d9554b, dev 0x2000a0000000 - 0x2000a000000c, size 12, ref/use counts 7/7, event to/from 0x0/0x0
<-1 @  0>  25: TYPE1_PTR - 0x12e1b8f7, dev 0x2000a0000080 - 0x2000a00000f8, size 120, ref/use counts 7/7, event to/from 0x0/0x0
<-1 @  0>  26: TYPE1_PTR%SIMPLE_ARR - 0x12e1b94f, dev 0x2000a0000100 - 0x2000a0000150, size 80, ref/use counts 1/1, event to/from 0x0/0x0
<-1 @  0>  27: TYPE1_PTR%TYPE2_ARR - 0x12e1b9df, dev 0x2000a0000180 - 0x2000a0000200, size 128, ref/use counts 5/5, event to/from 0x0/0x0
<-1 @  0>  28: TYPE1_PTR%TYPE2_ARR(1)%SIMPLE_ARR - 0x12e1ba3f, dev 0x2000a0000200 - 0x2000a0000250, size 80, ref/use counts 1/1, event to/from 0x0/0x0
<-1 @  0>  29: TYPE1_PTR%TYPE2_ARR(2)%SIMPLE_ARR - 0x12e1ba9f, dev 0x2000a0000280 - 0x2000a00002d0, size 80, ref/use counts 1/1, event to/from 0x0/0x0
 --- AFTER MAP(TO:TYPE1_PTR%TYPE2_ARR( 2 )%SIMPLE_ARR ---

<-1 @  0>
<-1 @  0>Map list after Target call enter for device 0
<-1 @  0>  0: TYPE1_PTR - 0x12d9554b, dev 0x2000a0000000 - 0x2000a000000c, size 12, ref/use counts 7/8, event to/from 0x0/0x0
<-1 @  0>  25: TYPE1_PTR - 0x12e1b8f7, dev 0x2000a0000080 - 0x2000a00000f8, size 120, ref/use counts 7/8, event to/from 0x0/0x0
<-1 @  0>  26: TYPE1_PTR%SIMPLE_ARR - 0x12e1b94f, dev 0x2000a0000100 - 0x2000a0000150, size 80, ref/use counts 1/1, event to/from 0x0/0x0
<-1 @  0>  27: TYPE1_PTR%TYPE2_ARR - 0x12e1b9df, dev 0x2000a0000180 - 0x2000a0000200, size 128, ref/use counts 5/5, event to/from 0x0/0x0
<-1 @  0>  28: TYPE1_PTR%TYPE2_ARR(1)%SIMPLE_ARR - 0x12e1ba3f, dev 0x2000a0000200 - 0x2000a0000250, size 80, ref/use counts 1/1, event to/from 0x0/0x0
<-1 @  0>  29: TYPE1_PTR%TYPE2_ARR(2)%SIMPLE_ARR - 0x12e1ba9f, dev 0x2000a0000280 - 0x2000a00002d0, size 80, ref/use counts 1/1, event to/from 0x0/0x0
 
On device, before assignments.  Everything should be set to 1.0
 
---------------------------------------------------------------
 type1%x 1.00000000000000000
 type1%simple_arr(1) 1.00000000000000000
 type1%type2_arr(1)%x 1.00000000000000000
 type1%type2_arr(1)%simple_arr(1) 1.00000000000000000
 type1%type2_arr(2)%x 1.00000000000000000
 type1%type2_arr(2)%simple_arr(1) 1.00000000000000000
 
In device, after assignments.
 
-----------------------------
 
First entry in type2_arr should be set to 2.0.
 type1%x 2.00000000000000000
 type1%simple_arr(1) 2.00000000000000000
 type1%type2_arr(1)%x 2.00000000000000000
 type1%type2_arr(1)%simple_arr(1) 2.00000000000000000
 
Second entry in type2_arr should be unchanged ( still 1.0 ).
 type1%type2_arr(2)%x 1.00000000000000000
 type1%type2_arr(2)%simple_arr(1) 1.00000000000000000

<-1 @  0>
<-1 @  0>Map list after Target call exit for device 0
<-1 @  0>  0: TYPE1_PTR - 0x12d9554b, dev 0x2000a0000000 - 0x2000a000000c, size 12, ref/use counts 7/7, event to/from 0x0/0x0
<-1 @  0>  25: TYPE1_PTR - 0x12e1b8f7, dev 0x2000a0000080 - 0x2000a00000f8, size 120, ref/use counts 7/7, event to/from 0x0/0x0
<-1 @  0>  26: TYPE1_PTR%SIMPLE_ARR - 0x12e1b94f, dev 0x2000a0000100 - 0x2000a0000150, size 80, ref/use counts 1/1, event to/from 0x0/0x0
<-1 @  0>  27: TYPE1_PTR%TYPE2_ARR - 0x12e1b9df, dev 0x2000a0000180 - 0x2000a0000200, size 128, ref/use counts 5/5, event to/from 0x0/0x0
<-1 @  0>  28: TYPE1_PTR%TYPE2_ARR(1)%SIMPLE_ARR - 0x12e1ba3f, dev 0x2000a0000200 - 0x2000a0000250, size 80, ref/use counts 1/1, event to/from 0x0/0x0
<-1 @  0>  29: TYPE1_PTR%TYPE2_ARR(2)%SIMPLE_ARR - 0x12e1ba9f, dev 0x2000a0000280 - 0x2000a00002d0, size 80, ref/use counts 1/1, event to/from 0x0/0x0

 --- BEFORE MAP(FROM:TYPE1_PTR%TYPE2_ARR( 1 ) ---
<-1 @  0>
<-1 @  0>Map list after Exit for device 0

NOTE: ------> Runtime did not decrement the ref count on the top level type pointer, still 7 <--------

<-1 @  0>  0: TYPE1_PTR - 0x12d9554b, dev 0x2000a0000000 - 0x2000a000000c, size 12, ref/use counts 7/7, event to/from 0x0/0x0
<-1 @  0>  25: TYPE1_PTR - 0x12e1b8f7, dev 0x2000a0000080 - 0x2000a00000f8, size 120, ref/use counts 7/7, event to/from 0x0/0x0
<-1 @  0>  26: TYPE1_PTR%SIMPLE_ARR - 0x12e1b94f, dev 0x2000a0000100 - 0x2000a0000150, size 80, ref/use counts 1/1, event to/from 0x0/0x0
<-1 @  0>  27: TYPE1_PTR%TYPE2_ARR - 0x12e1b9df, dev 0x2000a0000180 - 0x2000a0000200, size 128, ref/use counts 4/4, event to/from 0x0/0x0
<-1 @  0>  28: TYPE1_PTR%TYPE2_ARR(1)%SIMPLE_ARR - 0x12e1ba3f, dev 0x2000a0000200 - 0x2000a0000250, size 80, ref/use counts 1/1, event to/from 0x0/0x0
<-1 @  0>  29: TYPE1_PTR%TYPE2_ARR(2)%SIMPLE_ARR - 0x12e1ba9f, dev 0x2000a0000280 - 0x2000a00002d0, size 80, ref/use counts 1/1, event to/from 0x0/0x0
 --- AFTER MAP(FROM:TYPE1_PTR%TYPE2_ARR( 1 ) ---

 --- BEFORE MAP(FROM:TYPE1_PTR%TYPE2_ARR( 1 )%SIMPLE_ARR ---
<-1 @  0>
<-1 @  0>Map list after Exit for device 0
<-1 @  0>  0: TYPE1_PTR - 0x12d9554b, dev 0x2000a0000000 - 0x2000a000000c, size 12, ref/use counts 7/7, event to/from 0x0/0x0
<-1 @  0>  25: TYPE1_PTR - 0x12e1b8f7, dev 0x2000a0000080 - 0x2000a00000f8, size 120, ref/use counts 7/7, event to/from 0x0/0x0
<-1 @  0>  26: TYPE1_PTR%SIMPLE_ARR - 0x12e1b94f, dev 0x2000a0000100 - 0x2000a0000150, size 80, ref/use counts 1/1, event to/from 0x0/0x0
<-1 @  0>  27: TYPE1_PTR%TYPE2_ARR - 0x12e1b9df, dev 0x2000a0000180 - 0x2000a0000200, size 128, ref/use counts 3/3, event to/from 0x0/0x0
<-1 @  0>  28: TYPE1_PTR%TYPE2_ARR(2)%SIMPLE_ARR - 0x12e1ba9f, dev 0x2000a0000280 - 0x2000a00002d0, size 80, ref/use counts 1/1, event to/from 0x0/0x0
 --- AFTER MAP(FROM:TYPE1_PTR%TYPE2_ARR( 1 )%SIMPLE_ARR ---

 --- BEFORE MAP(FROM:TYPE1_PTR%TYPE2_ARR( 2 ) ---
<-1 @  0>
<-1 @  0>Map list after Exit for device 0
<-1 @  0>  0: TYPE1_PTR - 0x12d9554b, dev 0x2000a0000000 - 0x2000a000000c, size 12, ref/use counts 7/7, event to/from 0x0/0x0
<-1 @  0>  25: TYPE1_PTR - 0x12e1b8f7, dev 0x2000a0000080 - 0x2000a00000f8, size 120, ref/use counts 7/7, event to/from 0x0/0x0
<-1 @  0>  26: TYPE1_PTR%SIMPLE_ARR - 0x12e1b94f, dev 0x2000a0000100 - 0x2000a0000150, size 80, ref/use counts 1/1, event to/from 0x0/0x0
<-1 @  0>  27: TYPE1_PTR%TYPE2_ARR - 0x12e1b9df, dev 0x2000a0000180 - 0x2000a0000200, size 128, ref/use counts 2/2, event to/from 0x0/0x0
<-1 @  0>  28: TYPE1_PTR%TYPE2_ARR(2)%SIMPLE_ARR - 0x12e1ba9f, dev 0x2000a0000280 - 0x2000a00002d0, size 80, ref/use counts 1/1, event to/from 0x0/0x0
 --- AFTER MAP(FROM:TYPE1_PTR%TYPE2_ARR( 2 ) ---

 --- BEFORE MAP(FROM:TYPE1_PTR%TYPE2_ARR( 2 )%SIMPLE_ARR ---
<-1 @  0>
<-1 @  0>Map list after Exit for device 0
<-1 @  0>  0: TYPE1_PTR - 0x12d9554b, dev 0x2000a0000000 - 0x2000a000000c, size 12, ref/use counts 7/7, event to/from 0x0/0x0
<-1 @  0>  25: TYPE1_PTR - 0x12e1b8f7, dev 0x2000a0000080 - 0x2000a00000f8, size 120, ref/use counts 7/7, event to/from 0x0/0x0
<-1 @  0>  26: TYPE1_PTR%SIMPLE_ARR - 0x12e1b94f, dev 0x2000a0000100 - 0x2000a0000150, size 80, ref/use counts 1/1, event to/from 0x0/0x0
<-1 @  0>  27: TYPE1_PTR%TYPE2_ARR - 0x12e1b9df, dev 0x2000a0000180 - 0x2000a0000200, size 128, ref/use counts 1/1, event to/from 0x0/0x0
 --- AFTER MAP(FROM:TYPE1_PTR%TYPE2_ARR( 2 )%SIMPLE_ARR ---

 --- BEFORE MAP(FROM:TYPE1_PTR%TYPE2_ARR) ---
<-1 @  0>
<-1 @  0>Map list after Exit for device 0
<-1 @  0>  0: TYPE1_PTR - 0x12d9554b, dev 0x2000a0000000 - 0x2000a000000c, size 12, ref/use counts 7/7, event to/from 0x0/0x0
<-1 @  0>  25: TYPE1_PTR - 0x12e1b8f7, dev 0x2000a0000080 - 0x2000a00000f8, size 120, ref/use counts 7/7, event to/from 0x0/0x0
<-1 @  0>  26: TYPE1_PTR%SIMPLE_ARR - 0x12e1b94f, dev 0x2000a0000100 - 0x2000a0000150, size 80, ref/use counts 1/1, event to/from 0x0/0x0
 --- AFTER MAP(FROM:TYPE1_PTR%TYPE2_ARR) ---

 --- BEFORE MAP(FROM:TYPE1_PTR%SIMPLE_ARR) ---
<-1 @  0>
<-1 @  0>Map list after Exit for device 0
<-1 @  0>  0: TYPE1_PTR - 0x12d9554b, dev 0x2000a0000000 - 0x2000a000000c, size 12, ref/use counts 7/7, event to/from 0x0/0x0
<-1 @  0>  25: TYPE1_PTR - 0x12e1b8f7, dev 0x2000a0000080 - 0x2000a00000f8, size 120, ref/use counts 6/6, event to/from 0x0/0x0
 --- AFTER MAP(FROM:TYPE1_PTR%SIMPLE_ARR) ---

 --- BEFORE MAP(FROM:TYPE1_PTR) ---
<-1 @  0>
<-1 @  0>Map list after Exit for device 0
<-1 @  0>  0: TYPE1_PTR - 0x12d9554b, dev 0x2000a0000000 - 0x2000a000000c, size 12, ref/use counts 6/6, event to/from 0x0/0x0
<-1 @  0>  25: TYPE1_PTR - 0x12e1b8f7, dev 0x2000a0000080 - 0x2000a00000f8, size 120, ref/use counts 5/5, event to/from 0x0/0x0
 --- AFTER MAP(FROM:TYPE1_PTR) ---
 
On host, after map back.
 
------------------------
 Type 1 vars should be 2.0.
 type1%x 1.00000000000000000
 type1%simple_arr(1) 2.00000000000000000
 
First entry in type2_arr should be 2.0.
 type1%type2_arr(1)%x 2.00000000000000000
 type1%type2_arr(1)%simple_arr(1) 2.00000000000000000
 
Second entry in type2_arr should be unchanged ( still 1.0 ).
 type1%type2_arr(2)%x 1.00000000000000000
 type1%type2_arr(2)%simple_arr(1) 1.00000000000000000
