Results in original code - omp_target_associate_ptr is called, then target update to.

Results are incorrect at end of run ( all values should be 0.0 ).

------------- ITERATION  1  ----------------
 
On host, before mapping to GPU.
 typeQ_ptr%double 1.00000000000000000
 typeQ_ptr%double_array 1.00000000000000000 1.00000000000000000 1.00000000000000000 1.00000000000000000 1.00000000000000000 1.00000000000000000 1.00000000000000000 1.00000000000000000 1.00000000000000000 1.00000000000000000
 typeQ_ptr%s_array( 1 )%double 1.00000000000000000
 typeQ_ptr%s_array( 1 )%double_array 1.00000000000000000 1.00000000000000000 1.00000000000000000 1.00000000000000000 1.00000000000000000
 typeQ_ptr%s_array( 1 )%double_array_2d 1.00000000000000000 1.00000000000000000 1.00000000000000000 1.00000000000000000
 typeQ_ptr%s_array( 1 )%double_array_3d 1.00000000000000000 1.00000000000000000 1.00000000000000000 1.00000000000000000 1.00000000000000000 1.00000000000000000 1.00000000000000000 1.00000000000000000
 typeQ_ptr%s_array( 2 )%double 1.00000000000000000
 typeQ_ptr%s_array( 2 )%double_array 1.00000000000000000 1.00000000000000000 1.00000000000000000 1.00000000000000000 1.00000000000000000
 typeQ_ptr%s_array( 2 )%double_array_2d 1.00000000000000000 1.00000000000000000 1.00000000000000000 1.00000000000000000
 typeQ_ptr%s_array( 2 )%double_array_3d 1.00000000000000000 1.00000000000000000 1.00000000000000000 1.00000000000000000 1.00000000000000000 1.00000000000000000 1.00000000000000000 1.00000000000000000
 --- mapping Q ---
 --- mapping Q%double_array ---
 --- mapping Q%s_array ---
 Mapped pointer, shape on device is:  2
 --- mapping Q%s_array(1) double_arrays ---
 --- mapping Q%s_array(2) double_arrays  ---
 
On device, after mapping to GPU
 typeQ_ptr%double 1.00000000000000000
 typeQ_ptr%double_array 1.00000000000000000 1.00000000000000000 1.00000000000000000 1.00000000000000000 1.00000000000000000 1.00000000000000000 1.00000000000000000 1.00000000000000000 1.00000000000000000 1.00000000000000000
 typeQ_ptr%s_array(1)%double 1.00000000000000000
 typeQ_ptr%s_array(1)%double_array 1.00000000000000000 1.00000000000000000 1.00000000000000000 1.00000000000000000 1.00000000000000000
 typeQ_ptr%s_array(1)%double_array_2d 1.00000000000000000 1.00000000000000000 1.00000000000000000 1.00000000000000000
 typeQ_ptr%s_array(1)%double_array_3d 1.00000000000000000 1.00000000000000000 1.00000000000000000 1.00000000000000000 1.00000000000000000 1.00000000000000000 1.00000000000000000 1.00000000000000000
 typeQ_ptr%s_array(2)%double 1.00000000000000000
 typeQ_ptr%s_array(2)%double_array 1.00000000000000000 1.00000000000000000 1.00000000000000000 1.00000000000000000 1.00000000000000000
 typeQ_ptr%s_array(2)%double_array_2d 1.00000000000000000 1.00000000000000000 1.00000000000000000 1.00000000000000000
 typeQ_ptr%s_array(2)%double_array_3d 1.00000000000000000 1.00000000000000000 1.00000000000000000 1.00000000000000000 1.00000000000000000 1.00000000000000000 1.00000000000000000 1.00000000000000000
 --- unmapping Q%s_array(2) double_arrays ---
LOMP WARNING: cleanup instructed to wait, but no events (ok when nothing happened)
LOMP WARNING: cleanup instructed to wait, but no events (ok when nothing happened)
LOMP WARNING: cleanup instructed to wait, but no events (ok when nothing happened)
 --- unmapping Q%s_array(1) double_arrays ---
LOMP WARNING: cleanup instructed to wait, but no events (ok when nothing happened)
LOMP WARNING: cleanup instructed to wait, but no events (ok when nothing happened)
LOMP WARNING: cleanup instructed to wait, but no events (ok when nothing happened)
 --- unmapping Q%s_array ---
LOMP WARNING: cleanup instructed to wait, but no events (ok when nothing happened)
 --- unmapping Q%double_array ---
LOMP WARNING: cleanup instructed to wait, but no events (ok when nothing happened)
 --- unmapping Q ---
LOMP WARNING: cleanup instructed to wait, but no events (ok when nothing happened)
 
On host, after mapping from GPU.
 
All values below should be 0.
 typeQ_ptr%double 0.000000000000000000E+00
 typeQ_ptr%double_array 1.00000000000000000 1.00000000000000000 1.00000000000000000 1.00000000000000000 1.00000000000000000 1.00000000000000000 1.00000000000000000 1.00000000000000000 1.00000000000000000 1.00000000000000000
 typeQ_ptr%s_array( 1 )%double 0.000000000000000000E+00
 typeQ_ptr%s_array( 1 )%double_array 1.00000000000000000 1.00000000000000000 1.00000000000000000 1.00000000000000000 1.00000000000000000
 typeQ_ptr%s_array( 1 )%double_array_2d 1.00000000000000000 1.00000000000000000 1.00000000000000000 1.00000000000000000
 typeQ_ptr%s_array( 1 )%double_array_3d 1.00000000000000000 1.00000000000000000 1.00000000000000000 1.00000000000000000 1.00000000000000000 1.00000000000000000 1.00000000000000000 1.00000000000000000
 typeQ_ptr%s_array( 2 )%double 0.000000000000000000E+00
 typeQ_ptr%s_array( 2 )%double_array 1.00000000000000000 1.00000000000000000 1.00000000000000000 1.00000000000000000 1.00000000000000000
 typeQ_ptr%s_array( 2 )%double_array_2d 1.00000000000000000 1.00000000000000000 1.00000000000000000 1.00000000000000000
 typeQ_ptr%s_array( 2 )%double_array_3d 1.00000000000000000 1.00000000000000000 1.00000000000000000 1.00000000000000000 1.00000000000000000 1.00000000000000000 1.00000000000000000 1.00000000000000000
